  Test6.6.cpp
D:\Dir_C++\Test6\Test6.6\Test6.6\Test6.6.cpp(10): error C2065: “lengthCompare”: 未声明的标识符
D:\Dir_C++\Test6\Test6.6\Test6.6\Test6.6.cpp(14): error C2065: “lengthCompare”: 未声明的标识符
